<?xml version="1.0" encoding="UTF-8"?>
<!-- Generated by org.testng.reporters.JUnitReportReporter -->
<testsuite hostname="LAPTOP-JM7T96NK" failures="0" tests="3" name="com.app.test.SampleTestPri2" time="0.018" errors="0" timestamp="07 Oct 2023 13:06:32 GMT" skipped="0">
  <testcase classname="com.app.test.SampleTestPri2" name="username11" time="0.012"/>
  <testcase classname="com.app.test.SampleTestPri2" name="password11" time="0.003"/>
  <testcase classname="com.app.test.SampleTestPri2" name="click11" time="0.003"/>
</testsuite> <!-- com.app.test.SampleTestPri2 -->
