<?xml version="1.0" encoding="UTF-8"?>
<!-- Generated by org.testng.reporters.JUnitReportReporter -->
<testsuite hostname="LAPTOP-JM7T96NK" failures="0" tests="1" name="com.app.test.SampleAnn" time="0.008" errors="0" timestamp="07 Oct 2023 13:07:23 GMT" skipped="0">
  <testcase classname="com.app.test.SampleAnn" name="test1" time="0.008"/>
</testsuite> <!-- com.app.test.SampleAnn -->
