<?xml version="1.0" encoding="UTF-8"?>
<!-- Generated by org.testng.reporters.JUnitReportReporter -->
<testsuite hostname="DESKTOP-OU80H79" failures="0" tests="3" name="com.app.test.SampleTestPri" time="0.029" errors="0" timestamp="06 Oct 2023 01:42:02 GMT" skipped="0">
  <testcase classname="com.app.test.SampleTestPri" name="username" time="0.017"/>
  <testcase classname="com.app.test.SampleTestPri" name="password" time="0.008"/>
  <testcase classname="com.app.test.SampleTestPri" name="click" time="0.004"/>
</testsuite> <!-- com.app.test.SampleTestPri -->
