<?xml version="1.0" encoding="UTF-8"?>
<!-- Generated by org.testng.reporters.JUnitReportReporter -->
<testsuite hostname="LAPTOP-JM7T96NK" failures="0" tests="6" name="com.app.test.SampleTestPri1" time="0.019" errors="0" timestamp="07 Oct 2023 13:08:26 GMT" skipped="2">
  <testcase classname="com.app.test.SampleTestPri1" name="password1" time="0.002"/>
  <testcase classname="com.app.test.SampleTestPri1" name="password" time="0.003"/>
  <testcase classname="com.app.test.SampleTestPri1" name="click1" time="0.012"/>
  <testcase classname="com.app.test.SampleTestPri1" name="username" time="0.002"/>
  <testcase classname="com.app.test.SampleTestPri1" name="username1">
    <skipped/>
  </testcase> <!-- username1 -->
  <testcase classname="com.app.test.SampleTestPri1" name="click">
    <skipped/>
  </testcase> <!-- click -->
</testsuite> <!-- com.app.test.SampleTestPri1 -->
